# Logfile created on 2012-01-18 10:11:50 +0800 by logger.rb/25413
cargo_link=ShowBizInfo.asp?iWebBizInfoID=1061135
cargo_link=ShowBizInfo.asp?iWebBizInfoID=1061136
cargo_link=ShowBizInfo.asp?iWebBizInfoID=1061137
cargo_link=ShowBizInfo.asp?iWebBizInfoID=1061138
cargo_link=ShowBizInfo.asp?iWebBizInfoID=1061139
cargo_link=ShowBizInfo.asp?iWebBizInfoID=1061117
cargo_link=ShowBizInfo.asp?iWebBizInfoID=1061118
cargo_link=ShowBizInfo.asp?iWebBizInfoID=1061119
cargo_link=ShowBizInfo.asp?iWebBizInfoID=1061120
cargo_link=ShowBizInfo.asp?iWebBizInfoID=1061121
cargo_link=ShowBizInfo.asp?iWebBizInfoID=1061122
cargo_link=ShowBizInfo.asp?iWebBizInfoID=1061123
cargo_link=ShowBizInfo.asp?iWebBizInfoID=1061124
cargo_link=ShowBizInfo.asp?iWebBizInfoID=1061125
cargo_link=ShowBizInfo.asp?iWebBizInfoID=1061126
cargo_link=ShowBizInfo.asp?iWebBizInfoID=1061127
cargo_link=ShowBizInfo.asp?iWebBizInfoID=1061128
cargo_link=ShowBizInfo.asp?iWebBizInfoID=1061129
cargo_link=ShowBizInfo.asp?iWebBizInfoID=1061130
cargo_link=ShowBizInfo.asp?iWebBizInfoID=1061131
cargo_link=ShowBizInfo.asp?iWebBizInfoID=1064535
cargo_link=ShowBizInfo.asp?iWebBizInfoID=1064536
cargo_link=ShowBizInfo.asp?iWebBizInfoID=1064537
cargo_link=ShowBizInfo.asp?iWebBizInfoID=1064539
cargo_link=ShowBizInfo.asp?iWebBizInfoID=1064540
cargo_link=ShowBizInfo.asp?iWebBizInfoID=1064541
cargo_link=ShowBizInfo.asp?iWebBizInfoID=1064542
cargo_link=ShowBizInfo.asp?iWebBizInfoID=1064543
cargo_link=ShowBizInfo.asp?iWebBizInfoID=1064544
cargo_link=ShowBizInfo.asp?iWebBizInfoID=1064545
cargo_link=ShowBizInfo.asp?iWebBizInfoID=1064546
cargo_link=ShowBizInfo.asp?iWebBizInfoID=1064547
cargo_link=ShowBizInfo.asp?iWebBizInfoID=1064548
cargo_link=ShowBizInfo.asp?iWebBizInfoID=1064549
cargo_link=ShowBizInfo.asp?iWebBizInfoID=1064550
cargo_link=ShowBizInfo.asp?iWebBizInfoID=1064551
cargo_link=ShowBizInfo.asp?iWebBizInfoID=1064552
cargo_link=ShowBizInfo.asp?iWebBizInfoID=1064553
cargo_link=ShowBizInfo.asp?iWebBizInfoID=1064556
cargo_link=ShowBizInfo.asp?iWebBizInfoID=1064557
excetption on cargo save
excetption on cargo save
excetption on cargo save
excetption on cargo save
excetption on cargo save
excetption on cargo save
excetption on cargo save
excetption on cargo save
excetption on cargo save
excetption on cargo save
excetption on cargo save
excetption on cargo save
excetption on cargo save
excetption on cargo save
excetption on cargo save
excetption on cargo save
excetption on cargo save
excetption on cargo save
excetption on cargo save
excetption on cargo save
excetption on cargo save
excetption on cargo save
excetption on cargo save
excetption on cargo save
excetption on cargo save
excetption on cargo save
excetption on cargo save
excetption on cargo save
excetption on cargo save
excetption on cargo save
excetption on cargo save
excetption on cargo save
excetption on cargo save
excetption on cargo save
excetption on cargo save
excetption on cargo save
excetption on cargo save
excetption on cargo save
excetption on cargo save
excetption on cargo save
excetption on cargo save
excetption on cargo save
excetption on cargo save
excetption on cargo save
excetption on cargo save
excetption on cargo save
excetption on cargo save
excetption on cargo save
excetption on cargo save
excetption on cargo save
excetption on cargo save
excetption on cargo save
excetption on cargo save
excetption on cargo save
excetption on cargo save
excetption on cargo save
excetption on cargo save
excetption on cargo save
excetption on cargo save
excetption on cargo save
excetption on cargo save
excetption on cargo save
excetption on cargo save
excetption on cargo save
excetption on cargo save
excetption on cargo save
excetption on cargo save
excetption on cargo save
excetption on cargo save
excetption on cargo save
excetption on cargo save
excetption on cargo save
excetption on cargo save
excetption on cargo save
excetption on cargo save
excetption on cargo save
excetption on cargo save
excetption on cargo save
excetption on cargo save
excetption on cargo save
excetption on cargo save
excetption on cargo save
excetption on cargo save
excetption on cargo save
excetption on cargo save
excetption on cargo save
excetption on cargo save
excetption on cargo save
excetption on cargo save
excetption on cargo save
excetption on cargo save
excetption on cargo save
excetption on cargo save
excetption on cargo save
excetption on cargo save
excetption on cargo save
excetption on cargo save
excetption on cargo save
excetption on cargo save
excetption on cargo save
excetption on cargo save
excetption on cargo save
excetption on cargo save
excetption on cargo save
excetption on cargo save
excetption on cargo save
excetption on cargo save
excetption on cargo save
excetption on cargo save
excetption on cargo save
excetption on cargo save
excetption on cargo save
excetption on cargo save
excetption on cargo save
excetption on cargo save
excetption on cargo save
excetption on cargo save
excetption on cargo save
excetption on cargo save
excetption on cargo save
excetption on cargo save
excetption on cargo save
excetption on cargo save
excetption on cargo save
excetption on cargo save
excetption on cargo save
excetption on cargo save
excetption on cargo save
excetption on cargo save
excetption on cargo save
excetption on cargo save
excetption on cargo save
excetption on cargo save
excetption on cargo save
excetption on cargo save
excetption on cargo save
excetption on cargo save
excetption on cargo save
excetption on cargo save
excetption on cargo save
excetption on cargo save
excetption on cargo save
excetption on cargo save
excetption on cargo save
excetption on cargo save
excetption on cargo save
excetption on cargo save
excetption on cargo save
excetption on cargo save
excetption on cargo save
excetption on cargo save
excetption on cargo save
excetption on cargo save
excetption on cargo save
excetption on cargo save
excetption on cargo save
excetption on cargo save
excetption on cargo save
excetption on cargo save
excetption on cargo save
excetption on cargo save
excetption on cargo save
excetption on cargo save
excetption on cargo save
excetption on cargo save
excetption on cargo save
excetption on cargo save
excetption on cargo save
excetption on cargo save
excetption on cargo save
excetption on cargo save
excetption on cargo save
excetption on cargo save
excetption on cargo save
excetption on cargo save
excetption on cargo save
excetption on cargo save
excetption on cargo save
excetption on cargo save
excetption on cargo save
excetption on cargo save
excetption on cargo save
excetption on cargo save
excetption on cargo save
excetption on cargo save
excetption on cargo save
excetption on cargo save
excetption on cargo save
excetption on cargo save
excetption on cargo save
excetption on cargo save
excetption on cargo save
excetption on cargo save
excetption on cargo save
excetption on cargo save
excetption on cargo save
excetption on cargo save
excetption on cargo save
excetption on cargo save
excetption on cargo save
excetption on cargo save
excetption on cargo save
excetption on cargo save
excetption on cargo save
excetption on cargo save
excetption on cargo save
excetption on cargo save
excetption on cargo save
excetption on cargo save
excetption on cargo save
excetption on cargo save
excetption on cargo save
excetption on cargo save
excetption on cargo save
excetption on cargo save
excetption on cargo save
excetption on cargo save
excetption on cargo save
excetption on cargo save
excetption on cargo save
excetption on cargo save
excetption on cargo save
excetption on cargo save
excetption on cargo save
excetption on cargo save
excetption on cargo save
excetption on cargo save
excetption on cargo save
excetption on cargo save
excetption on cargo save
excetption on cargo save
excetption on cargo save
excetption on cargo save
excetption on cargo save
excetption on cargo save
excetption on cargo save
excetption on cargo save
excetption on cargo save
excetption on cargo save
excetption on cargo save
excetption on cargo save
excetption on cargo save
excetption on cargo save
excetption on cargo save
excetption on cargo save
excetption on cargo save
excetption on cargo save
excetption on cargo save
excetption on cargo save
excetption on cargo save
excetption on cargo save
excetption on cargo save
excetption on cargo save
excetption on cargo save
excetption on cargo save
excetption on cargo save
excetption on cargo save
excetption on cargo save
excetption on cargo save
excetption on cargo save
excetption on cargo save
excetption on cargo save
excetption on cargo save
excetption on cargo save
excetption on cargo save
excetption on cargo save
excetption on cargo save
excetption on cargo save
excetption on cargo save
excetption on cargo save
excetption on cargo save
excetption on cargo save
excetption on cargo save
excetption on cargo save
excetption on cargo save
excetption on cargo save
excetption on cargo save
excetption on cargo save
excetption on cargo save
excetption on cargo save
excetption on cargo save
excetption on cargo save
excetption on cargo save
excetption on cargo save
excetption on cargo save
excetption on cargo save
excetption on cargo save
excetption on cargo save
excetption on cargo save
excetption on cargo save
excetption on cargo save
excetption on cargo save
excetption on cargo save
excetption on cargo save
excetption on cargo save
excetption on cargo save
excetption on cargo save
excetption on cargo save
excetption on cargo save
excetption on cargo save
excetption on cargo save
excetption on cargo save
excetption on cargo save
excetption on cargo save
excetption on cargo save
excetption on cargo save
excetption on cargo save
excetption on cargo save
excetption on cargo save
excetption on cargo save
excetption on cargo save
excetption on cargo save
excetption on cargo save
excetption on cargo save
excetption on cargo save
excetption on cargo save
excetption on cargo save
excetption on cargo save
excetption on cargo save
excetption on cargo save
excetption on cargo save
excetption on cargo save
excetption on cargo save
excetption on cargo save
excetption on cargo save
excetption on cargo save
excetption on cargo save
excetption on cargo save
excetption on cargo save
excetption on cargo save
excetption on cargo save
excetption on cargo save
excetption on cargo save
excetption on cargo save
excetption on cargo save
excetption on cargo save
excetption on cargo save
excetption on cargo save
excetption on cargo save
excetption on cargo save
excetption on cargo save
excetption on cargo save
excetption on cargo save
excetption on cargo save
excetption on cargo save
excetption on cargo save
excetption on cargo save
excetption on cargo save
excetption on cargo save
excetption on cargo save
excetption on cargo save
excetption on cargo save
excetption on cargo save
excetption on cargo save
excetption on cargo save
excetption on cargo save
excetption on cargo save
excetption on cargo save
excetption on cargo save
excetption on cargo save
excetption on cargo save
excetption on cargo save
excetption on cargo save
excetption on cargo save
excetption on cargo save
excetption on cargo save
excetption on cargo save
excetption on cargo save
excetption on cargo save
excetption on cargo save
excetption on cargo save
excetption on cargo save
excetption on cargo save
excetption on cargo save
excetption on cargo save
excetption on cargo save
excetption on cargo save
excetption on cargo save
excetption on cargo save
excetption on cargo save
excetption on cargo save
excetption on cargo save
excetption on cargo save
excetption on cargo save
excetption on cargo save
excetption on cargo save
excetption on cargo save
excetption on cargo save
excetption on cargo save
excetption on cargo save
excetption on cargo save
excetption on cargo save
excetption on cargo save
excetption on cargo save
excetption on cargo save
excetption on cargo save
excetption on cargo save
excetption on cargo save
excetption on cargo save
excetption on cargo save
excetption on cargo save
excetption on cargo save
excetption on cargo save
excetption on cargo save
excetption on cargo save
excetption on cargo save
excetption on cargo save
excetption on cargo save
excetption on cargo save
excetption on cargo save
excetption on cargo save
excetption on cargo save
excetption on cargo save
excetption on cargo save
excetption on cargo save
excetption on cargo save
excetption on cargo save
excetption on cargo save
excetption on cargo save
excetption on cargo save
excetption on cargo save
excetption on cargo save
excetption on cargo save
excetption on cargo save
excetption on cargo save
excetption on cargo save
excetption on cargo save
excetption on cargo save
excetption on cargo save
excetption on cargo save
excetption on cargo save
excetption on cargo save
excetption on cargo save
excetption on cargo save
excetption on cargo save
excetption on cargo save
excetption on cargo save
excetption on cargo save
excetption on cargo save
excetption on cargo save
excetption on cargo save
excetption on cargo save
excetption on cargo save
excetption on cargo save
excetption on cargo save
excetption on cargo save
excetption on cargo save
excetption on cargo save
excetption on cargo save
excetption on cargo save
excetption on cargo save
excetption on cargo save
excetption on cargo save
excetption on cargo save
excetption on cargo save
excetption on cargo save
excetption on cargo save
excetption on cargo save
excetption on cargo save
excetption on cargo save
excetption on cargo save
excetption on cargo save
excetption on cargo save
excetption on cargo save
excetption on cargo save
excetption on cargo save
excetption on cargo save
excetption on cargo save
excetption on cargo save
excetption on cargo save
excetption on cargo save
excetption on cargo save
excetption on cargo save
excetption on cargo save
excetption on cargo save
excetption on cargo save
excetption on cargo save
excetption on cargo save
excetption on cargo save
excetption on cargo save
excetption on cargo save
excetption on cargo save
excetption on cargo save
excetption on cargo save
excetption on cargo save
excetption on cargo save
excetption on cargo save
excetption on cargo save
excetption on cargo save
excetption on cargo save
excetption on cargo save
excetption on cargo save
excetption on cargo save
excetption on cargo save
excetption on cargo save
excetption on cargo save
excetption on cargo save
excetption on cargo save
excetption on cargo save
excetption on cargo save
excetption on cargo save
excetption on cargo save
excetption on cargo save
excetption on cargo save
excetption on cargo save
excetption on cargo save
excetption on cargo save
excetption on cargo save
excetption on cargo save
excetption on cargo save
excetption on cargo save
excetption on cargo save
excetption on cargo save
excetption on cargo save
excetption on cargo save
excetption on cargo save
excetption on cargo save
excetption on cargo save
excetption on cargo save
excetption on cargo save
excetption on cargo save
excetption on cargo save
excetption on cargo save
excetption on cargo save
excetption on cargo save
excetption on cargo save
excetption on cargo save
excetption on cargo save
excetption on cargo save
excetption on cargo save
excetption on cargo save
excetption on cargo save
excetption on cargo save
excetption on cargo save
excetption on cargo save
excetption on cargo save
excetption on cargo save
excetption on cargo save
excetption on cargo save
excetption on cargo save
excetption on cargo save
excetption on cargo save
excetption on cargo save
excetption on cargo save
excetption on cargo save
excetption on cargo save
excetption on cargo save
excetption on cargo save
excetption on cargo save
excetption on cargo save
excetption on cargo save
excetption on cargo save
excetption on cargo save
excetption on cargo save
excetption on cargo save
excetption on cargo save
excetption on cargo save
excetption on cargo save
excetption on cargo save
excetption on cargo save
excetption on cargo save
excetption on cargo save
excetption on cargo save
excetption on cargo save
excetption on cargo save
excetption on cargo save
excetption on cargo save
excetption on cargo save
excetption on cargo save
excetption on cargo save
excetption on cargo save
excetption on cargo save
excetption on cargo save
excetption on cargo save
excetption on cargo save
excetption on cargo save
excetption on cargo save
excetption on cargo save
excetption on cargo save
excetption on cargo save
excetption on cargo save
excetption on cargo save
excetption on cargo save
excetption on cargo save
excetption on cargo save
excetption on cargo save
excetption on cargo save
excetption on cargo save
excetption on cargo save
excetption on cargo save
excetption on cargo save
excetption on cargo save
excetption on cargo save
excetption on cargo save
excetption on cargo save
excetption on cargo save
excetption on cargo save
excetption on cargo save
excetption on cargo save
excetption on cargo save
excetption on cargo save
excetption on cargo save
excetption on cargo save
excetption on cargo save
excetption on cargo save
excetption on cargo save
excetption on cargo save
excetption on cargo save
excetption on cargo save
excetption on cargo save
excetption on cargo save
excetption on cargo save
excetption on cargo save
excetption on cargo save
excetption on cargo save
excetption on cargo save
excetption on cargo save
excetption on cargo save
excetption on cargo save
excetption on cargo save
excetption on cargo save
excetption on cargo save
excetption on cargo save
excetption on cargo save
excetption on cargo save
excetption on cargo save
excetption on cargo save
excetption on cargo save
excetption on cargo save
excetption on cargo save
excetption on cargo save
excetption on cargo save
excetption on cargo save
excetption on cargo save
excetption on cargo save
excetption on cargo save
excetption on cargo save
excetption on cargo save
excetption on cargo save
excetption on cargo save
excetption on cargo save
excetption on cargo save
excetption on cargo save
excetption on cargo save
excetption on cargo save
excetption on cargo save
excetption on cargo save
excetption on cargo save
excetption on cargo save
excetption on cargo save
excetption on cargo save
excetption on cargo save
excetption on cargo save
excetption on cargo save
excetption on cargo save
excetption on cargo save
excetption on cargo save
excetption on cargo save
excetption on cargo save
excetption on cargo save
excetption on cargo save
excetption on cargo save
excetption on cargo save
excetption on cargo save
excetption on cargo save
excetption on cargo save
excetption on cargo save
excetption on cargo save
excetption on cargo save
excetption on cargo save
excetption on cargo save
excetption on cargo save
excetption on cargo save
excetption on cargo save
excetption on cargo save
excetption on cargo save
excetption on cargo save
excetption on cargo save
excetption on cargo save
excetption on cargo save
excetption on cargo save
excetption on cargo save
excetption on cargo save
excetption on cargo save
excetption on cargo save
excetption on cargo save
excetption on cargo save
excetption on cargo save
excetption on cargo save
excetption on cargo save
excetption on cargo save
excetption on cargo save
excetption on cargo save
excetption on cargo save
excetption on cargo save
excetption on cargo save
excetption on cargo save
excetption on cargo save
excetption on cargo save
excetption on cargo save
excetption on cargo save
excetption on cargo save
excetption on cargo save
excetption on cargo save
excetption on cargo save
excetption on cargo save
excetption on cargo save
excetption on cargo save
excetption on cargo save
excetption on cargo save
excetption on cargo save
excetption on cargo save
excetption on cargo save
excetption on cargo save
excetption on cargo save
excetption on cargo save
excetption on cargo save
excetption on cargo save
excetption on cargo save
excetption on cargo save
excetption on cargo save
excetption on cargo save
excetption on cargo save
excetption on cargo save
excetption on cargo save
excetption on cargo save
excetption on cargo save
excetption on cargo save
excetption on cargo save
excetption on cargo save
excetption on cargo save
excetption on cargo save
excetption on cargo save
excetption on cargo save
excetption on cargo save
excetption on cargo save
excetption on cargo save
excetption on cargo save
excetption on cargo save
excetption on cargo save
excetption on cargo save
excetption on cargo save
excetption on cargo save
excetption on cargo save
excetption on cargo save
excetption on cargo save
excetption on cargo save
excetption on cargo save
excetption on cargo save
excetption on cargo save
excetption on cargo save
excetption on cargo save
excetption on cargo save
excetption on cargo save
excetption on cargo save
excetption on cargo save
excetption on cargo save
excetption on cargo save
excetption on cargo save
excetption on cargo save
excetption on cargo save
excetption on cargo save
excetption on cargo save
excetption on cargo save
excetption on cargo save
excetption on cargo save
excetption on cargo save
excetption on cargo save
excetption on cargo save
excetption on cargo save
excetption on cargo save
excetption on cargo save
excetption on cargo save
excetption on cargo save
excetption on cargo save
excetption on cargo save
excetption on cargo save
excetption on cargo save
excetption on cargo save
excetption on cargo save
excetption on cargo save
excetption on cargo save
excetption on cargo save
excetption on cargo save
excetption on cargo save
excetption on cargo save
excetption on cargo save
excetption on cargo save
excetption on cargo save
excetption on cargo save
excetption on cargo save
excetption on cargo save
excetption on cargo save
excetption on cargo save
excetption on cargo save
excetption on cargo save
excetption on cargo save
excetption on cargo save
excetption on cargo save
excetption on cargo save
excetption on cargo save
excetption on cargo save
excetption on cargo save
excetption on cargo save
excetption on cargo save
excetption on cargo save
excetption on cargo save
excetption on cargo save
excetption on cargo save
excetption on cargo save
excetption on cargo save
excetption on cargo save
excetption on cargo save
excetption on cargo save
excetption on cargo save
excetption on cargo save
excetption on cargo save
excetption on cargo save
excetption on cargo save
excetption on cargo save
excetption on cargo save
excetption on cargo save
excetption on cargo save
excetption on cargo save
excetption on cargo save
excetption on cargo save
excetption on cargo save
excetption on cargo save
excetption on cargo save
excetption on cargo save
excetption on cargo save
excetption on cargo save
excetption on cargo save
excetption on cargo save
excetption on cargo save
excetption on cargo save
excetption on cargo save
excetption on cargo save
excetption on cargo save
excetption on cargo save
excetption on cargo save
excetption on cargo save
excetption on cargo save
excetption on cargo save
excetption on cargo save
excetption on cargo save
excetption on cargo save
excetption on cargo save
excetption on cargo save
excetption on cargo save
excetption on cargo save
excetption on cargo save
excetption on cargo save
excetption on cargo save
excetption on cargo save
excetption on cargo save
excetption on cargo save
excetption on cargo save
excetption on cargo save
excetption on cargo save
excetption on cargo save
excetption on cargo save
excetption on cargo save
excetption on cargo save
excetption on cargo save
excetption on cargo save
excetption on cargo save
excetption on cargo save
excetption on cargo save
excetption on cargo save
excetption on cargo save
excetption on cargo save
excetption on cargo save
excetption on cargo save
excetption on cargo save
excetption on cargo save
excetption on cargo save
excetption on cargo save
excetption on cargo save
excetption on cargo save
excetption on cargo save
excetption on cargo save
excetption on cargo save
excetption on cargo save
excetption on cargo save
excetption on cargo save
excetption on cargo save
excetption on cargo save
excetption on cargo save
excetption on cargo save
excetption on cargo save
excetption on cargo save
excetption on cargo save
excetption on cargo save
excetption on cargo save
excetption on cargo save
excetption on cargo save
excetption on cargo save
excetption on cargo save
excetption on cargo save
excetption on cargo save
excetption on cargo save
excetption on cargo save
excetption on cargo save
excetption on cargo save
excetption on cargo save
excetption on cargo save
excetption on cargo save
excetption on cargo save
excetption on cargo save
excetption on cargo save
excetption on cargo save
excetption on cargo save
excetption on cargo save
excetption on cargo save
excetption on cargo save
excetption on cargo save
excetption on cargo save
excetption on cargo save
excetption on cargo save
excetption on cargo save
excetption on cargo save
excetption on cargo save
excetption on cargo save
excetption on cargo save
excetption on cargo save
excetption on cargo save
excetption on cargo save
excetption on cargo save
excetption on cargo save
excetption on cargo save
excetption on cargo save
excetption on cargo save
excetption on cargo save
excetption on cargo save
excetption on cargo save
excetption on cargo save
excetption on cargo save
excetption on cargo save
excetption on cargo save
excetption on cargo save
excetption on cargo save
excetption on cargo save
excetption on cargo save
excetption on cargo save
excetption on cargo save
excetption on cargo save
excetption on cargo save
excetption on cargo save
excetption on cargo save
excetption on cargo save
excetption on cargo save
excetption on cargo save
excetption on cargo save
excetption on cargo save
excetption on cargo save
excetption on cargo save
excetption on cargo save
excetption on cargo save
excetption on cargo save
excetption on cargo save
excetption on cargo save
excetption on cargo save
excetption on cargo save
excetption on cargo save
excetption on cargo save
excetption on cargo save
excetption on cargo save
excetption on cargo save
excetption on cargo save
excetption on cargo save
excetption on cargo save
excetption on cargo save
excetption on cargo save
excetption on cargo save
excetption on cargo save
excetption on cargo save
excetption on cargo save
excetption on cargo save
excetption on cargo save
excetption on cargo save
excetption on cargo save
excetption on cargo save
excetption on cargo save
excetption on cargo save
excetption on cargo save
excetption on cargo save
excetption on cargo save
excetption on cargo save
excetption on cargo save
excetption on cargo save
excetption on cargo save
excetption on cargo save
excetption on cargo save
excetption on cargo save
excetption on cargo save
excetption on cargo save
excetption on cargo save
excetption on cargo save
excetption on cargo save
excetption on cargo save
excetption on cargo save
excetption on cargo save
excetption on cargo save
excetption on cargo save
excetption on cargo save
excetption on cargo save
excetption on cargo save
excetption on cargo save
excetption on cargo save
excetption on cargo save
excetption on cargo save
excetption on cargo save
excetption on cargo save
excetption on cargo save
excetption on cargo save
excetption on cargo save
excetption on cargo save
excetption on cargo save
excetption on cargo save
excetption on cargo save
excetption on cargo save
excetption on cargo save
excetption on cargo save
excetption on cargo save
excetption on cargo save
excetption on cargo save
excetption on cargo save
excetption on cargo save
excetption on cargo save
excetption on cargo save
excetption on cargo save
excetption on cargo save
excetption on cargo save
excetption on cargo save
excetption on cargo save
excetption on cargo save
excetption on cargo save
excetption on cargo save
excetption on cargo save
excetption on cargo save
excetption on cargo save
excetption on cargo save
excetption on cargo save
excetption on cargo save
excetption on cargo save
excetption on cargo save
excetption on cargo save
excetption on cargo save
excetption on cargo save
excetption on cargo save
excetption on cargo save
excetption on cargo save
excetption on cargo save
excetption on cargo save
excetption on cargo save
excetption on cargo save
excetption on cargo save
excetption on cargo save
excetption on cargo save
excetption on cargo save
excetption on cargo save
excetption on cargo save
excetption on cargo save
excetption on cargo save
excetption on cargo save
excetption on cargo save
excetption on cargo save
excetption on cargo save
excetption on cargo save
excetption on cargo save
excetption on cargo save
excetption on cargo save
excetption on cargo save
excetption on cargo save
excetption on cargo save
excetption on cargo save
excetption on cargo save
excetption on cargo save
excetption on cargo save
excetption on cargo save
excetption on cargo save
excetption on cargo save
excetption on cargo save
excetption on cargo save
excetption on cargo save
excetption on cargo save
excetption on cargo save
excetption on cargo save
excetption on cargo save
excetption on cargo save
excetption on cargo save
excetption on cargo save
excetption on cargo save
excetption on cargo save
excetption on cargo save
excetption on cargo save
excetption on cargo save
excetption on cargo save
excetption on cargo save
excetption on cargo save
excetption on cargo save
excetption on cargo save
excetption on cargo save
excetption on cargo save
excetption on cargo save
excetption on cargo save
excetption on cargo save
excetption on cargo save
excetption on cargo save
excetption on cargo save
excetption on cargo save
excetption on cargo save
excetption on cargo save
excetption on cargo save
excetption on cargo save
excetption on cargo save
excetption on cargo save
excetption on cargo save
excetption on cargo save
excetption on cargo save
excetption on cargo save
excetption on cargo save
excetption on cargo save
excetption on cargo save
excetption on cargo save
excetption on cargo save
excetption on cargo save
excetption on cargo save
excetption on cargo save
excetption on cargo save
excetption on cargo save
excetption on cargo save
excetption on cargo save
excetption on cargo save
excetption on cargo save
excetption on cargo save
excetption on cargo save
excetption on cargo save
excetption on cargo save
excetption on cargo save
excetption on cargo save
excetption on cargo save
excetption on cargo save
excetption on cargo save
excetption on cargo save
excetption on cargo save
excetption on cargo save
excetption on cargo save
excetption on cargo save
excetption on cargo save
excetption on cargo save
excetption on cargo save
excetption on cargo save
excetption on cargo save
excetption on cargo save
excetption on cargo save
excetption on cargo save
excetption on cargo save
excetption on cargo save
excetption on cargo save
excetption on cargo save
excetption on cargo save
excetption on cargo save
excetption on cargo save
excetption on cargo save
excetption on cargo save
excetption on cargo save
excetption on cargo save
excetption on cargo save
excetption on cargo save
excetption on cargo save
excetption on cargo save
excetption on cargo save
excetption on cargo save
excetption on cargo save
excetption on cargo save
excetption on cargo save
excetption on cargo save
excetption on cargo save
excetption on cargo save
excetption on cargo save
excetption on cargo save
excetption on cargo save
excetption on cargo save
excetption on cargo save
excetption on cargo save
excetption on cargo save
excetption on cargo save
excetption on cargo save
excetption on cargo save
excetption on cargo save
excetption on cargo save
excetption on cargo save
excetption on cargo save
excetption on cargo save
excetption on cargo save
excetption on cargo save
excetption on cargo save
excetption on cargo save
excetption on cargo save
excetption on cargo save
excetption on cargo save
excetption on cargo save
excetption on cargo save
excetption on cargo save
excetption on cargo save
excetption on cargo save
excetption on cargo save
excetption on cargo save
excetption on cargo save
excetption on cargo save
excetption on cargo save
excetption on cargo save
excetption on cargo save
excetption on cargo save
excetption on cargo save
excetption on cargo save
excetption on cargo save
excetption on cargo save
excetption on cargo save
excetption on cargo save
excetption on cargo save
excetption on cargo save
excetption on cargo save
excetption on cargo save
excetption on cargo save
excetption on cargo save
excetption on cargo save
excetption on cargo save
excetption on cargo save
excetption on cargo save
excetption on cargo save
excetption on cargo save
excetption on cargo save
excetption on cargo save
excetption on cargo save
excetption on cargo save
excetption on cargo save
excetption on cargo save
excetption on cargo save
excetption on cargo save
excetption on cargo save
excetption on cargo save
excetption on cargo save
excetption on cargo save
excetption on cargo save
excetption on cargo save
excetption on cargo save
excetption on cargo save
excetption on cargo save
excetption on cargo save
excetption on cargo save
excetption on cargo save
excetption on cargo save
excetption on cargo save
excetption on cargo save
excetption on cargo save
excetption on cargo save
excetption on cargo save
excetption on cargo save
excetption on cargo save
excetption on cargo save
excetption on cargo save
excetption on cargo save
excetption on cargo save
excetption on cargo save
excetption on cargo save
excetption on cargo save
excetption on cargo save
excetption on cargo save
excetption on cargo save
excetption on cargo save
excetption on cargo save
excetption on cargo save
excetption on cargo save
excetption on cargo save
excetption on cargo save
excetption on cargo save
excetption on cargo save
excetption on cargo save
excetption on cargo save
excetption on cargo save
excetption on cargo save
excetption on cargo save
excetption on cargo save
excetption on cargo save
excetption on cargo save
excetption on cargo save
excetption on cargo save
excetption on cargo save
excetption on cargo save
excetption on cargo save
excetption on cargo save
excetption on cargo save
excetption on cargo save
excetption on cargo save
excetption on cargo save
excetption on cargo save
excetption on cargo save
excetption on cargo save
excetption on cargo save
excetption on cargo save
excetption on cargo save
excetption on cargo save
excetption on cargo save
excetption on cargo save
excetption on cargo save
excetption on cargo save
excetption on cargo save
excetption on cargo save
excetption on cargo save
excetption on cargo save
excetption on cargo save
excetption on cargo save
excetption on cargo save
excetption on cargo save
excetption on cargo save
excetption on cargo save
excetption on cargo save
excetption on cargo save
excetption on cargo save
excetption on cargo save
excetption on cargo save
excetption on cargo save
excetption on cargo save
excetption on cargo save
excetption on cargo save
excetption on cargo save
excetption on cargo save
excetption on cargo save
excetption on cargo save
excetption on cargo save
excetption on cargo save
excetption on cargo save
excetption on cargo save
excetption on cargo save
excetption on cargo save
excetption on cargo save
excetption on cargo save
excetption on cargo save
excetption on cargo save
excetption on cargo save
excetption on cargo save
excetption on cargo save
excetption on cargo save
excetption on cargo save
excetption on cargo save
excetption on cargo save
excetption on cargo save
excetption on cargo save
excetption on cargo save
excetption on cargo save
excetption on cargo save
excetption on cargo save
excetption on cargo save
excetption on cargo save
excetption on cargo save
excetption on cargo save
excetption on cargo save
excetption on cargo save
excetption on cargo save
excetption on cargo save
excetption on cargo save
excetption on cargo save
excetption on cargo save
excetption on cargo save
excetption on cargo save
excetption on cargo save
excetption on cargo save
excetption on cargo save
excetption on cargo save
excetption on cargo save
excetption on cargo save
excetption on cargo save
excetption on cargo save
excetption on cargo save
excetption on cargo save
excetption on cargo save
excetption on cargo save
excetption on cargo save
excetption on cargo save
excetption on cargo save
excetption on cargo save
excetption on cargo save
excetption on cargo save
excetption on cargo save
excetption on cargo save
excetption on cargo save
excetption on cargo save
excetption on cargo save
excetption on cargo save
excetption on cargo save
excetption on cargo save
excetption on cargo save
excetption on cargo save
excetption on cargo save
excetption on cargo save
excetption on cargo save
excetption on cargo save
excetption on cargo save
excetption on cargo save
excetption on cargo save
excetption on cargo save
excetption on cargo save
excetption on cargo save
excetption on cargo save
excetption on cargo save
excetption on cargo save
excetption on cargo save
excetption on cargo save
excetption on cargo save
excetption on cargo save
excetption on cargo save
excetption on cargo save
excetption on cargo save
excetption on cargo save
excetption on cargo save
excetption on cargo save
excetption on cargo save
excetption on cargo save
excetption on cargo save
excetption on cargo save
excetption on cargo save
excetption on cargo save
excetption on cargo save
excetption on cargo save
excetption on cargo save
excetption on cargo save
excetption on cargo save
excetption on cargo save
excetption on cargo save
excetption on cargo save
excetption on cargo save
excetption on cargo save
excetption on cargo save
excetption on cargo save
excetption on cargo save
excetption on cargo save
excetption on cargo save
excetption on cargo save
excetption on cargo save
excetption on cargo save
excetption on cargo save
excetption on cargo save
excetption on cargo save
excetption on cargo save
excetption on cargo save
start a new cargo
index0=   用户查寻信息：
                  
                    
start a new cargo
start a new cargo
start a new cargo
index0=  
                  
                  货物
                  
                
index1= 配件
index2= 宁波
index3= 江山
index4= 7.5
index5= 吨
index6= 1200.0
index7= 元
index8= 0.0
index9= 车
index10= 
index11= 13967035088
index12= 01-18 10:17
index13= 01-18
start a new cargo
start a new cargo
index0=  
                  
                  货物
                  
                
index1= 材料
index2= 太仓
index3= 衢州
index4= 25.0
index5= 吨
index6= 3000.0
index7= 元
index8= 0.0
index9= 车
index10= 
index11= 13575667771
index12= 01-18 10:15
index13= 01-18
start a new cargo
start a new cargo
index0=  
                  
                  货物
                  
                
index1= 材料
index2= 绍兴
index3= 衢州
index4= 40.0
index5= 吨
index6= 2800.0
index7= 元
index8= 0.0
index9= 车
index10= 
index11= 13575667771
index12= 01-18 10:15
index13= 01-18
start a new cargo
start a new cargo
index0=  
                  
                  货物
                  
                
index1= 饮料
index2= 杭州
index3= 衢州
index4= 28.0
index5= 吨
index6= 80.0
index7= 元/吨
index8= 0.0
index9= 车
index10= 
index11= 15925654217
index12= 01-18 10:14
index13= 01-18
start a new cargo
start a new cargo
index0=  
                  
                  空车
                  
                
index1= 
index2= 衢州
index3= 上海
index4= 0.0
index5= 吨
index6= 0.0
index7= 元
index8= 13.0
index9= 半挂车
index10= 
index11= 13575666701
index12= 01-18 10:14
index13= 01-18
start a new cargo
start a new cargo
index0=  
                  
                  货物
                  
                
index1= 配件
index2= 衢州
index3= 杭州
index4= 1.0
index5= 车
index6= 1500.0
index7= 元
index8= 6.8
index9= 高栏
index10= 
index11= 13957018208
index12= 01-18 10:13
index13= 01-18
start a new cargo
start a new cargo
index0=  
                  
                  空车
                  
                
index1= 
index2= 威海
index3= 衢州
index4= 0.0
index5= 吨
index6= 0.0
index7= 元
index8= 17.5
index9= 车
index10= 
index11= 13957018208
index12= 01-18 10:13
index13= 01-18
start a new cargo
start a new cargo
index0=  
                  
                  货物
                  
                
index1= 设备
index2= 衢州
index3= 松阳
index4= 30.0
index5= 吨
index6= 80.0
index7= 元/吨
index8= 9.6
index9= 车
index10= 
index11= 13575649359
index12= 01-18 10:12
index13= 01-18
start a new cargo
index0=  
                    
                    首 页  上一页  下一页  尾 页 共243个记录，每页8个，第 3/31页 
                    
start a new cargo
index0=   用户查寻信息：
                  
                    
start a new cargo
start a new cargo
start a new cargo
index0=  
                  
                  空车
                  
                
index1= 
index2= 衢州
index3= 郑州
index4= 2.0
index5= 辆
index6= 0.0
index7= 元
index8= 13.0
index9= 高栏
index10= 
index11= 13735062713
index12= 01-18 10:23
index13= 01-18
start a new cargo
start a new cargo
index0=  
                  
                  空车
                  
                
index1= 
index2= 衢州
index3= 周口长沙
index4= 0.0
index5= 吨
index6= 0.0
index7= 元
index8= 9.6
index9= 高栏
index10= 
index11= 13735062713
index12= 01-18 10:23
index13= 01-18
start a new cargo
start a new cargo
index0=  
                  
                  货物
                  
                
index1= 箱装桔子
index2= 衢州
index3= 廊坊
index4= 30.0
index5= 吨
index6= 10000.0
index7= 元
index8= 0.0
index9= 车
index10= 
index11= 13735062713
index12= 01-18 10:23
index13= 01-18
start a new cargo
start a new cargo
index0=  
                  
                  货物
                  
                
index1= 饲料
index2= 海盐
index3= 衢州
index4= 35.0
index5= 吨
index6= 90.0
index7= 元/吨
index8= 0.0
index9= 车
index10= 
index11= 3024228
index12= 01-18 10:22
index13= 01-18
start a new cargo
start a new cargo
index0=  
                  
                  货物
                  
                
index1= 钢材
index2= 衢州
index3= 温岭
index4= 60.0
index5= 吨
index6= 85.0
index7= 元/吨
index8= 0.0
index9= 车
index10= 
index11= 18857015088
index12= 01-18 10:20
index13= 01-18
start a new cargo
start a new cargo
index0=  
                  
                  货物
                  
                
index1= 钢材
index2= 衢州
index3= 上海
index4= 55.0
index5= 吨
index6= 80.0
index7= 元/吨
index8= 0.0
index9= 车
index10= 
index11= 18857015088
index12= 01-18 10:20
index13= 01-18
start a new cargo
start a new cargo
index0=  
                  
                  货物
                  
                
index1= 材料
index2= 永康
index3= 衢州
index4= 2.0
index5= 吨
index6= 900.0
index7= 元
index8= 6.8
index9= 车
index10= 
index11= 18857033076
index12= 01-18 10:19
index13= 01-18
start a new cargo
start a new cargo
index0=  
                  
                  货物
                  
                
index1= 材料
index2= 衢州
index3= 武义县
index4= 14.0
index5= 吨
index6= 1200.0
index7= 元
index8= 0.0
index9= 车
index10= 
index11= 0570-2382636.669117
index12= 01-18 10:18
index13= 01-18
start a new cargo
index0=  
                    
                    首 页  上一页  下一页  尾 页 共243个记录，每页8个，第 2/31页 
                    
start a new cargo
index0=   用户查寻信息：
                  
                    
start a new cargo
start a new cargo
start a new cargo
index0=  
                  
                  货物
                  
                
index1= 牛奶
index2= 萧山
index3= 衢州
index4= 30.0
index5= 吨
index6= 2000.0
index7= 元
index8= 0.0
index9= 车
index10= 
index11= 2971507
index12= 01-18 10:42
index13= 01-18
start a new cargo
start a new cargo
index0=  
                  
                  货物
                  
                
index1= 化纤
index2= 绍兴
index3= 萧山
index4= 60.0
index5= 吨
index6= 50.0
index7= 元/吨
index8= 0.0
index9= 车
index10= 
index11= 13282087459
index12= 01-18 10:33
index13= 01-18
start a new cargo
start a new cargo
index0=  
                  
                  货物
                  
                
index1= 中介
index2= 衢州
index3= 乌鲁木齐
index4= 32.0
index5= 吨
index6= 25000.0
index7= 元
index8= 13.0
index9= 车
index10= 诚信物流
index11= 15372711779
index12= 01-18 10:32
index13= 01-18
start a new cargo
start a new cargo
index0=  
                  
                  空车
                  
                
index1= 
index2= 义乌
index3= 江山
index4= 0.0
index5= 吨
index6= 0.0
index7= 元
index8= 6.8
index9= 车
index10= 
index11= 15205705908
index12= 01-18 10:31
index13= 01-18
start a new cargo
start a new cargo
index0=  
                  
                  货物
                  
                
index1= 桔子
index2= 江山
index3= 南昌
index4= 15.0
index5= 吨
index6= 1300.0
index7= 元
index8= 0.0
index9= 车
index10= 
index11= 15205705908
index12= 01-18 10:31
index13= 01-18
start a new cargo
start a new cargo
index0=  
                  
                  货物
                  
                
index1= 钢材
index2= 杭州
index3= 衢州
index4= 50.0
index5= 吨
index6= 70.0
index7= 元/吨
index8= 0.0
index9= 车
index10= 
index11= 057185814296
index12= 01-18 10:29
index13= 01-18
start a new cargo
start a new cargo
index0=  
                  
                  货物
                  
                
index1= 箱装桔子
index2= 衢州
index3= 武汉
index4= 15.0
index5= 吨
index6= 4000.0
index7= 元
index8= 9.6
index9= 高栏
index10= 
index11= 13735062713
index12= 01-18 10:24
index13= 01-18
start a new cargo
start a new cargo
index0=  
                  
                  货物
                  
                
index1= 铁
index2= 衢州
index3= 海盐
index4= 9.0
index5= 吨
index6= 1300.0
index7= 元
index8= 0.0
index9= 车
index10= 
index11= 13735062713
index12= 01-18 10:23
index13= 01-18
start a new cargo
index0=  
                    
                    首页  第一页 下一页 尾 页 共243个记录，每页8个，第 1/31页 
                    
excetption on cargo save
excetption on cargo save
index0=设备
index1=四平
index2=山西太原
index3=2.00吨
index4=1200.00元/票
index5=张殿清,15304342431 
index6=一次性货源
index7=01-1808:35
index8=详细
index0=桔子
index1=建瓯
index2=广东东莞
index3=21.00吨
index4=电询
index5=小杨,13616999785,15716098191 
index6=长期货源
index7=01-1719:08
index8=详细
index0=1台50铲
index1=宽城县
index2=河北保定
index3=--
index4=电询
index5=承德宽城回家萍乡到宜春65吨钻机成都回家80挖机13230276180 
index6=一次性货源
index7=01-1717:05
index8=详细
index0=到65吨钻机
index1=萍乡
index2=江西宜春
index3=--
index4=电询
index5=成都回家80挖机13230276180 
index6=一次性货源
index7=01-1717:04
index8=详细
index0=80挖机
index1=成都
index2=河北保定
index3=--
index4=电询
index5=回家13230276180 
index6=一次性货源
index7=01-1717:04
index8=详细
index0=煤炭
index1=银川
index2=江苏徐州
index3=10000.00吨
index4=400.00元/吨
index5=张宏,18709593818,0951-6919791 
index6=长期货源
index7=01-1713:55
index8=详细
index0=重货
index1=泰州
index2=浙江杭州
index3=40.00吨
index4=电询
index5=13米半挂车,卢俊伟,15261000588 
index6=一次性货源
index7=01-1615:07
index8=详细
index0=桔子
index1=衢州
index2=上海
index3=7.00吨
index4=1800.00元/票
index5=15157055378 
index6=一次性货源
index7=01-1614:50
index8=详细
index0=配件
index1=无锡
index2=浙江衢州
index3=4.00吨
index4=1800.00元/票
index5=4.0车13957029577 
index6=一次性货源
index7=01-1614:50
index8=详细
index0=配件
index1=衢州
index2=江苏泰州姜堰
index3=23.00吨
index4=3500.00元/票
index5=9.6高栏舒氏物流中心15167078922 
index6=一次性货源
index7=01-1614:49
index8=详细
index0=建材
index1=衢州
index2=福建福州
index3=100.00吨
index4=3500.00元/票
index5=0570-3867209 
index6=一次性货源
index7=01-1614:49
index8=详细
index0=果疏
index1=衢州
index2=甘肃天水
index3=34.00吨
index4=电询
index5=兰明鸿,13362044341,0570-8728563 
index6=一次性货源
index7=01-1614:21
index8=详细
index0=货物
index1=衢州
index2=甘肃兰州
index3=34.00吨
index4=电询
index5=兰明鸿,13362044341,0570-8728563 
index6=一次性货源
index7=01-1614:21
index8=详细
index0=货物
index1=衢州
index2=宁夏银川
index3=34.00吨
index4=电询
index5=兰明鸿,13362044341,0570-8728563 
index6=一次性货源
index7=01-1614:20
index8=详细
index0=果疏
index1=衢州
index2=陕西汉中
index3=34.00吨
index4=电询
index5=兰明鸿,13362044341,0570-8728563 
index6=一次性货源
index7=01-1614:18
index8=详细
index0=砂糖桔
index1=佛冈县
index2=重庆
index3=22.00吨
index4=电询
index5=9.6米前四后八高栏车，整车运输，速求车！,张传波,13724812535,020-86320086 
index6=一次性货源
index7=01-1612:19
index8=详细
index0=砂糖桔
index1=四会
index2=江苏常州
index3=23.00吨
index4=电询
index5=9米6前四后八，整车运输,张传波,13724812535,020-86320086 
index6=一次性货源
index7=01-1612:19
index8=详细
index0=砂糖桔
index1=云安县
index2=湖南益阳
index3=22.00吨
index4=电询
index5=9米6高栏，整车运输，速求车！,张传波,13724812535,020-86320086 
index6=一次性货源
index7=01-1612:19
index8=详细
excetption on cargo save
excetption on cargo save
excetption on cargo save
excetption on cargo save
excetption on cargo save
excetption on cargo save
excetption on cargo save
excetption on cargo save
excetption on cargo save
excetption on cargo save
excetption on cargo save
excetption on cargo save
