http://www.56135.com/56135/company/member/C287596.html
{:personname=>"赵林忠先生\r<br>", :fixphone=>"", :mphone=>"13509720053", :email=>"243368876@qq.com"}
http://www.56135.com/56135/company/member/C287727.html
{:personname=>"钟联愉先生\r<br>", :fixphone=>"", :mphone=>"18666364365", :email=>"zhnglian_520@163.com"}
http://www.56135.com/56135/company/member/C336687.html
{:personname=>"赵经理先生\r<br>", :fixphone=>"", :mphone=>"15996790825", :email=>"1006280548@qq.com"}
http://www.56135.com/56135/company/member/C330537.html
{:personname=>"", :fixphone=>"86nbsp", :mphone=>"", :email=>"operation@lerayline.com"}
http://www.56135.com/56135/company/member/C336684.html
{:personname=>"吴少泉先生\r<br>", :fixphone=>"", :mphone=>"13093377776", :email=>"1031051707@qq.com"}
http://www.56135.com/56135/company/member/C293523.html
{:personname=>"贾木东先生<br>", :fixphone=>"01057408380", :mphone=>"13641393886", :email=>"1423413452@qq.com"}
http://www.56135.com/56135/company/member/C336685.html
{:personname=>"范骁峰先生\r<br>", :fixphone=>"", :mphone=>"13791958708", :email=>"xf214meng@126.com"}
http://www.56135.com/56135/company/member/C315922.html
{:personname=>"苟江民先生\r<br>", :fixphone=>"860755", :mphone=>"", :email=>""}
http://www.56135.com/56135/company/member/C201248.html
{:personname=>"肖贵其先生\r<br>", :fixphone=>"", :mphone=>"18605969767", :email=>"546243835.qq.com"}
http://www.56135.com/56135/company/member/C336682.html
{:personname=>"孙东海先生\r<br>", :fixphone=>"", :mphone=>"13805235229", :email=>"joyjoy52@sina.com"}
http://www.56135.com/56135/company/member/13805235229.html
http://www.56135.com/56135/company/member/C219608.html
{:personname=>"李家辉先生<br>", :fixphone=>"08718057839", :mphone=>"13759189458", :email=>"619691165@qq.com"}
http://www.56135.com/56135/company/member/C220479.html
{:personname=>"陶女士\r<br>", :fixphone=>"02986212165", :mphone=>"18691857925", :email=>"taomin6729@sina.com"}
http://www.56135.com/56135/company/member/C336667.html
{:personname=>"张瑞法先生\r<br>", :fixphone=>"", :mphone=>"13909693910", :email=>"417783715@qq.com"}
http://www.56135.com/56135/company/member/C336653.html
http://www.56135.com/56135/company/member/C336660.html
{:personname=>"董玲女士<br>", :fixphone=>"04176198095", :mphone=>"13224179530", :email=>"dongbailing_1986@163.com"}
http://www.56135.com/56135/company/member/C336668.html
{:personname=>"杨恩俊先生\r<br>", :fixphone=>"", :mphone=>"13358057225", :email=>"550864450@qq.com"}
http://www.56135.com/56135/company/member/C287596.html
{:personname=>"赵林忠先生\r<br>", :fixphone=>"", :mphone=>"13509720053", :email=>"243368876@qq.com"}
http://www.56135.com/56135/company/member/C287727.html
{:personname=>"钟联愉先生\r<br>", :fixphone=>"", :mphone=>"18666364365", :email=>"zhnglian_520@163.com"}
http://www.56135.com/56135/company/member/C336687.html
{:personname=>"赵经理先生\r<br>", :fixphone=>"", :mphone=>"15996790825", :email=>"1006280548@qq.com"}
http://www.56135.com/56135/company/member/C330537.html
{:personname=>"", :fixphone=>"86nbsp", :mphone=>"", :email=>"operation@lerayline.com"}
http://www.56135.com/56135/company/member/C336684.html
{:personname=>"吴少泉先生\r<br>", :fixphone=>"", :mphone=>"13093377776", :email=>"1031051707@qq.com"}
http://www.56135.com/56135/company/member/C293523.html
{:personname=>"贾木东先生<br>", :fixphone=>"01057408380", :mphone=>"13641393886", :email=>"1423413452@qq.com"}
http://www.56135.com/56135/company/member/C336685.html
{:personname=>"范骁峰先生\r<br>", :fixphone=>"", :mphone=>"13791958708", :email=>"xf214meng@126.com"}
http://www.56135.com/56135/company/member/C315922.html
{:personname=>"苟江民先生\r<br>", :fixphone=>"860755", :mphone=>"", :email=>""}
http://www.56135.com/56135/company/member/C201248.html
{:personname=>"肖贵其先生\r<br>", :fixphone=>"", :mphone=>"18605969767", :email=>"546243835.qq.com"}
http://www.56135.com/56135/company/member/C336682.html
{:personname=>"孙东海先生\r<br>", :fixphone=>"", :mphone=>"13805235229", :email=>"joyjoy52@sina.com"}
http://www.56135.com/56135/company/member/13805235229.html
http://www.56135.com/56135/company/member/C219608.html
{:personname=>"李家辉先生<br>", :fixphone=>"08718057839", :mphone=>"13759189458", :email=>"619691165@qq.com"}
http://www.56135.com/56135/company/member/C220479.html
{:personname=>"陶女士\r<br>", :fixphone=>"02986212165", :mphone=>"18691857925", :email=>"taomin6729@sina.com"}
http://www.56135.com/56135/company/member/C336667.html
{:personname=>"张瑞法先生\r<br>", :fixphone=>"", :mphone=>"13909693910", :email=>"417783715@qq.com"}
http://www.56135.com/56135/company/member/C336653.html
http://www.56135.com/56135/company/member/C336660.html
{:personname=>"董玲女士<br>", :fixphone=>"04176198095", :mphone=>"13224179530", :email=>"dongbailing_1986@163.com"}
http://www.56135.com/56135/company/member/C336668.html
{:personname=>"杨恩俊先生\r<br>", :fixphone=>"", :mphone=>"13358057225", :email=>"550864450@qq.com"}
http://www.56135.com/56135/company/member/C287596.html
{:personname=>"联系人：赵林忠先生\r<br>", :fixphone=>"", :mphone=>"13509720053", :email=>"243368876@qq.com"}
http://www.56135.com/56135/company/member/C287727.html
{:personname=>"联系人：钟联愉先生\r<br>", :fixphone=>"", :mphone=>"18666364365", :email=>"zhnglian_520@163.com"}
http://www.56135.com/56135/company/member/C336687.html
{:personname=>"联系人：赵经理先生\r<br>", :fixphone=>"", :mphone=>"15996790825", :email=>"1006280548@qq.com"}
http://www.56135.com/56135/company/member/C330537.html
{:personname=>"", :fixphone=>"86nbsp", :mphone=>"", :email=>"operation@lerayline.com"}
http://www.56135.com/56135/company/member/C336684.html
{:personname=>"联系人：吴少泉先生\r<br>", :fixphone=>"", :mphone=>"13093377776", :email=>"1031051707@qq.com"}
http://www.56135.com/56135/company/member/C293523.html
{:personname=>"联系人：贾木东先生<br>", :fixphone=>"01057408380", :mphone=>"13641393886", :email=>"1423413452@qq.com"}
http://www.56135.com/56135/company/member/C336685.html
{:personname=>"联系人：范骁峰先生\r<br>", :fixphone=>"", :mphone=>"13791958708", :email=>"xf214meng@126.com"}
http://www.56135.com/56135/company/member/C315922.html
{:personname=>"联系人：苟江民先生\r<br>", :fixphone=>"860755", :mphone=>"", :email=>""}
http://www.56135.com/56135/company/member/C201248.html
{:personname=>"联系人：肖贵其先生\r<br>", :fixphone=>"", :mphone=>"18605969767", :email=>"546243835.qq.com"}
http://www.56135.com/56135/company/member/C336682.html
{:personname=>"联系人：孙东海先生\r<br>", :fixphone=>"", :mphone=>"13805235229", :email=>"joyjoy52@sina.com"}
http://www.56135.com/56135/company/member/13805235229.html
http://www.56135.com/56135/company/member/C219608.html
{:personname=>"联系人：李家辉先生<br>", :fixphone=>"08718057839", :mphone=>"13759189458", :email=>"619691165@qq.com"}
http://www.56135.com/56135/company/member/C220479.html
{:personname=>"联系人：陶女士\r<br>", :fixphone=>"02986212165", :mphone=>"18691857925", :email=>"taomin6729@sina.com"}
http://www.56135.com/56135/company/member/C336667.html
{:personname=>"联系人：张瑞法先生\r<br>", :fixphone=>"", :mphone=>"13909693910", :email=>"417783715@qq.com"}
http://www.56135.com/56135/company/member/C336653.html
http://www.56135.com/56135/company/member/C336660.html
{:personname=>"联系人：董玲女士<br>", :fixphone=>"04176198095", :mphone=>"13224179530", :email=>"dongbailing_1986@163.com"}
http://www.56135.com/56135/company/member/C336668.html
{:personname=>"联系人：杨恩俊先生\r<br>", :fixphone=>"", :mphone=>"13358057225", :email=>"550864450@qq.com"}
