[23/01 12:18:27] office mode=false
[23/01 12:18:27] office mode=false
[23/01 12:18:29] office mode=false
[23/01 12:18:31] office mode=false
[23/01 12:18:38] office mode=false
开启 Spider 模式。检查是否存在远程文件。
--2012-01-23 12:18:39--  http://w090.com/admin/dev_expire
正在解析主机 w090.com... ::1, 202.91.246.197
正在连接 w090.com|::1|:80... 失败：拒绝连接。
正在连接 w090.com|202.91.246.197|:80... 已连接。
已发出 HTTP 请求，正在等待回应... 200 OK
长度： 未指定 [text/html]
存在远程文件且该文件可能含有更深层的链接，
但不能进行递归操作 -- 无法取回。

开启 Spider 模式。检查是否存在远程文件。
--2012-01-23 12:18:41--  http://w090.com/cargos/allcity
正在解析主机 w090.com... ::1, 202.91.246.197
正在连接 w090.com|::1|:80... 失败：拒绝连接。
正在连接 w090.com|202.91.246.197|:80... 已连接。
已发出 HTTP 请求，正在等待回应... 200 OK
长度： 未指定 [text/html]
存在远程文件且该文件可能含有更深层的链接，
但不能进行递归操作 -- 无法取回。

开启 Spider 模式。检查是否存在远程文件。
--2012-01-23 12:18:41--  http://w090.com/trucks/allcity
正在解析主机 w090.com... ::1, 202.91.246.197
正在连接 w090.com|::1|:80... 失败：拒绝连接。
正在连接 w090.com|202.91.246.197|:80... 已连接。
已发出 HTTP 请求，正在等待回应... 200 OK
长度： 未指定 [text/html]
存在远程文件且该文件可能含有更深层的链接，
但不能进行递归操作 -- 无法取回。

